d:\users\eduar\desktop\jogo-eduardo2\jogo\x64\debug\vc143.pdb
d:\users\eduar\desktop\jogo-eduardo2\jogo\x64\debug\vc143.idb
d:\users\eduar\desktop\jogo-eduardo2\jogo\x64\debug\player.obj
d:\users\eduar\desktop\jogo-eduardo2\jogo\x64\debug\phase.obj
d:\users\eduar\desktop\jogo-eduardo2\jogo\x64\debug\main.obj
d:\users\eduar\desktop\jogo-eduardo2\jogo\x64\debug\graphicsmanager.obj
d:\users\eduar\desktop\jogo-eduardo2\jogo\x64\debug\game.obj
d:\users\eduar\desktop\jogo-eduardo2\jogo\x64\debug\collider.obj
d:\users\eduar\desktop\jogo-eduardo2\jogo\x64\debug\swordattack.obj
d:\users\eduar\desktop\jogo-eduardo2\jogo\x64\debug\obstacle.obj
d:\users\eduar\desktop\jogo-eduardo2\jogo\x64\debug\entitylist.obj
d:\users\eduar\desktop\jogo-eduardo2\jogo\x64\debug\entity.obj
d:\users\eduar\desktop\jogo-eduardo2\jogo\x64\debug\ent.obj
d:\users\eduar\desktop\jogo-eduardo2\jogo\x64\debug\enemy.obj
d:\users\eduar\desktop\jogo-eduardo2\jogo\x64\debug\character.obj
d:\users\eduar\desktop\jogo-eduardo2\jogo\x64\debug\animationmanager.obj
e:\visual studio\projetos\jogo\jogo\x64\debug\vc143.pdb
e:\visual studio\projetos\jogo\jogo\x64\debug\vc143.idb
e:\visual studio\projetos\jogo\jogo\x64\debug\player.obj
e:\visual studio\projetos\jogo\jogo\x64\debug\phase.obj
e:\visual studio\projetos\jogo\jogo\x64\debug\main.obj
e:\visual studio\projetos\jogo\jogo\x64\debug\graphicsmanager.obj
e:\visual studio\projetos\jogo\jogo\x64\debug\game.obj
e:\visual studio\projetos\jogo\jogo\x64\debug\collider.obj
e:\visual studio\projetos\jogo\jogo\x64\debug\swordattack.obj
e:\visual studio\projetos\jogo\jogo\x64\debug\obstacle.obj
e:\visual studio\projetos\jogo\jogo\x64\debug\entitylist.obj
e:\visual studio\projetos\jogo\jogo\x64\debug\entity.obj
e:\visual studio\projetos\jogo\jogo\x64\debug\ent.obj
e:\visual studio\projetos\jogo\jogo\x64\debug\enemy.obj
e:\visual studio\projetos\jogo\jogo\x64\debug\character.obj
e:\visual studio\projetos\jogo\jogo\x64\debug\animationmanager.obj
d:\users\eduar\desktop\jogo-eduardo2\x64\debug\jogo.exe
d:\users\eduar\desktop\jogo-eduardo2\jogo\x64\debug\jogo.ilk
d:\users\eduar\desktop\jogo-eduardo2\x64\debug\jogo.pdb
e:\visual studio\projetos\jogo\jogo\x64\debug\jogo.ilk
e:\visual studio\projetos\jogo\x64\debug\jogo.exe
e:\visual studio\projetos\jogo\x64\debug\jogo.pdb
e:\visual studio\projetos\jogo\jogo\x64\debug\jogo.tlog\cl.command.1.tlog
e:\visual studio\projetos\jogo\jogo\x64\debug\jogo.tlog\cl.read.1.tlog
e:\visual studio\projetos\jogo\jogo\x64\debug\jogo.tlog\cl.write.1.tlog
e:\visual studio\projetos\jogo\jogo\x64\debug\jogo.tlog\link.command.1.tlog
e:\visual studio\projetos\jogo\jogo\x64\debug\jogo.tlog\link.read.1.tlog
e:\visual studio\projetos\jogo\jogo\x64\debug\jogo.tlog\link.write.1.tlog
