  AnimationManager.cpp
  Archer.cpp
  Button.cpp
  ButtonList.cpp
  CastlePhase.cpp
  Character.cpp
  CollisionsManager.cpp
E:\Visual Studio\Projetos\Jogo - branch arthur\Jogo\CollisionsManager.cpp(104,98): warning C4244: 'argumento': conversão de 'float' para 'int', possível perda de dados
E:\Visual Studio\Projetos\Jogo - branch arthur\Jogo\CollisionsManager.cpp(122,99): warning C4244: 'argumento': conversão de 'float' para 'int', possível perda de dados
  DarkKnight.cpp
  Enemy.cpp
  Ent.cpp
  Entity.cpp
  EntityList.cpp
  Fire.cpp
  ForestPhase.cpp
  GameOverState.cpp
  InputManager.cpp
  LeaderboardState.cpp
  MainMenuState.cpp
  NewGameState.cpp
  Obstacle.cpp
  Gerando Código...
  Compilando...
  PauseState.cpp
  PlayingState.cpp
  Projectile.cpp
  SelectPhaseState.cpp
  Skeleton.cpp
  Slow.cpp
  State.cpp
  SwordAttack.cpp
  Collider.cpp
  Game.cpp
  GraphicsManager.cpp
  main.cpp
  Phase.cpp
  Player.cpp
  Teleport.cpp
  Gerando Código...
  Jogo.vcxproj -> E:\Visual Studio\Projetos\Jogo - branch arthur\x64\Debug\Jogo.exe
